<?xml version="1.0" encoding="UTF-8"?>
<testng-results ignored="0" total="1" passed="1" failed="0" skipped="0">
  <reporter-output>
  </reporter-output>
  <suite started-at="2019-07-24T03:19:59Z" name="OB Automation Test" finished-at="2019-07-24T03:20:36Z" duration-ms="37041">
    <groups>
    </groups>
    <test started-at="2019-07-24T03:19:59Z" name="Tests" finished-at="2019-07-24T03:20:36Z" duration-ms="37041">
      <class name="Suite.FontSuite">
        <test-method is-config="true" signature="beforeSuite()[pri:0, instance:Suite.FontSuite@7530ad9c]" started-at="2019-07-24T08:49:57Z" name="beforeSuite" finished-at="2019-07-24T08:49:59Z" duration-ms="2365" status="PASS">
          <reporter-output>
          </reporter-output>
        </test-method> <!-- beforeSuite -->
        <test-method is-config="true" signature="setupDriver()[pri:0, instance:Suite.FontSuite@7530ad9c]" started-at="2019-07-24T08:49:59Z" name="setupDriver" finished-at="2019-07-24T08:50:10Z" duration-ms="11475" status="PASS">
          <reporter-output>
          </reporter-output>
        </test-method> <!-- setupDriver -->
        <test-method signature="test()[pri:0, instance:Suite.FontSuite@7530ad9c]" started-at="2019-07-24T08:50:10Z" name="test" finished-at="2019-07-24T08:50:34Z" duration-ms="23286" status="PASS">
          <reporter-output>
          </reporter-output>
        </test-method> <!-- test -->
        <test-method is-config="true" signature="endTest()[pri:0, instance:Suite.FontSuite@7530ad9c]" started-at="2019-07-24T08:50:34Z" name="endTest" finished-at="2019-07-24T08:50:36Z" duration-ms="2246" status="PASS">
          <reporter-output>
          </reporter-output>
        </test-method> <!-- endTest -->
        <test-method is-config="true" signature="flushReport()[pri:0, instance:Suite.FontSuite@7530ad9c]" started-at="2019-07-24T08:50:36Z" name="flushReport" finished-at="2019-07-24T08:50:36Z" duration-ms="2" status="PASS">
          <reporter-output>
          </reporter-output>
        </test-method> <!-- flushReport -->
      </class> <!-- Suite.FontSuite -->
    </test> <!-- Tests -->
  </suite> <!-- OB Automation Test -->
</testng-results>
